    1  exit
    2  sudo yum update
    3  vagrant reload
    4  exit
    5  sudo yum -y groupinstall "development tools"
    6  sudo yum -y install epel-release wget
    7  sudo wget https://rpms.famillecollet.com/enterprise/remi-release-7.rpm
    8  sudo rpm -Uvh remi-release-7.rpm
    9  sudo wget https://rpms.famillecollet.com/enterprise/remi-release-7.rpm --no-check-certificate
   10  http://rpms.famillecollet.com/enterprise/remi-release-7.rpm
   11  sudo wget http://rpms.famillecollet.com/enterprise/remi-release-7.rpm
   12  sudo rpm -Uvh remi-release-7.rpm
   13  sudo yum -y install --enablerepo=remi-php72 php php-pdo php-mysqlnd php-mbstring php-xml php-fpm php-common php-devel php-mysql unzip
   14  php -v
   15  php -r "copy('https://getcomposer.org/installer', 'composer-setup.php');"
   16  php composer-setup.php
   17  php -r "unlink('composer-setup.php');"
   18  sudo mv composer.phar /usr/local/bin/composer
   19  composer -v
   20  ls /
   21  ls /usr
   22  ls -a
   23  ls -l
   24  ls -la
   25  pwd
   26  cd /vagrant
   27  pwd
   28  cd ~
   29  pwd
   30  cd /
   31  pwd
   32  cd -
   33  cd .
   34  pwd
   35  cd ..
   36  pwd
   37  cd ../../
   38  pwd
   39  cd /vagrant
   40  pwd
   41  cd usr
   42  cd /usr
   43  pwd
   44  cd /vagrant
   45  mkdir server_lesson && cd server_lesson
   46  git init
   47  touch first.txt
   48  cd /vagrant
   49  mkdir server_lesson/linux_practice/public
   50  pwd
   51  mkdir -p server_lesson/linux_practice/public
   52  ls server_lesson server_lesson/linux_practice
   53  pwd
   54  touch server_lesson/linux_practice/public/index.php
   55  ls server_lesson/linux_practice/public
   56  cd /vagrant/server_lesson && ls
   57  cd /vagrant/server_lesson/linux_practice/public
   58  cp index.php index_bk.php
   59  ls
   60  pwd
   61  cd /vagrant/server_lesson/linux_practice
   62  cp -r public tmp
   63  ls ./public tmp
   64  pwd
   65  cd /vagrant
   66  mv server_lesson/linux_practice server_lesson/linux_practice1
   67  pwd
   68  mkdir linux_practice2 linux_practice3
   69  pwd
   70  mv ./linux_prectice2 ./server_lesson
   71  mv ./linux_practice2 ./server_lesson
   72  cd /vagrant/server_lesson/linux_practice1/tmp/
   73  rm *_bk.php
   74  ls
   75  cd /vagrant
   76  rm server_lesson/first.txt
   77  rm -r linux_practice3
   78  pwd
   79  ls
   80  ls server_lesson
   81  cd /vagrant/server_lesson
   82  echo '# サーバーレッスン' > README.md
   83  echo 'Linuxプラクティス' >> README.md
   84  echo '-----------------' >> README.md
   85  cat README.md
   86  cd /vagrant/server_lesson
   87  vi README.md
   88  pwd
   89  ls
   90  ls linux_practice1
   91  ls public
   92  cd linux_practice1
   93  ls public
   94  ls tmp
   95  cd server_lesson
   96  cd /server_lesson
   97  cd /vagrant/server_lesson
   98  pwd
   99  git init
  100  git status
  101  git add .
  102  git status
  103  git commit -m 'first commit'
  104  git status
  105  git log
  106  git remote add origin https://github.com/TakiguchiYukinori1023/server_lesson.git
  107  git remote -v
  108  git push origin master
  109  vi README.md
  110  git status
  111  git add README.md
  112  git status
  113  git commit -m '箇条書きに修正'
  114  git push origin master
  115  vi README.md
  116  git add README.md
  117  git status
  118  git commit -m '>をエスケープ処理'
  119  git push origin master
  120  cd /server_lesson/linux_practice2
  121  pwd
  122  cd /server_lesson/linux_practice2
  123  ls /
  124  ls vagrant
  125  ls /vagrant
  126  ls /server_lesson
  127  cd /server_lesson
  128  pwd
  129  cd linux_practice2
  130  ls /server_lesson
  131  ls server_lesson
  132  ls /
  133  ls /vagrant
  134  cd /vagrant
  135  cd /vagrant/server_lesson
  136  cd /vagrant/server_lesson/linux_practice2
  137  mkdir documents
  138  pwd
  139  cd documents
  140  pwd
  141  touch gizumo{01..50}.md
  142  pwd
  143  mkdir trash
  144  rm -r trash
  145  pwd
  146  cd /vagrant/server_lesson/linux_practice2
  147  pwd
  148  mkdir trash
  149  ls /vagrant/server_lesson/linux_practice2
  150  cd /vagrant
  151  cd /vagrant/server_lesson
  152  cd /vagrant/server_lesson/linux_practice2
  153  mv ./documents/gizumo{20..40}.md ./trash
  154  pwd
  155  touch .gitignore
  156  ls -a
  157  ls -la
  158  vi .gitignore
  159  git status
  160  vi .gitignore
  161  pwd
  162  history 300 >> exec_command.log
  163  vi exec_command.log
  164  pwd
  165  git add .
  166  git status
  167  git reset HEAD .
  168  git status
  169  vi .gitignore
  170  pwd
  171  git add .
  172  git status
  173  git reset HEAD .
  174  git status
  175  vi .gitignore
  176  git add .
  177  git status
  178  git reset HEAD .
  179  git status
  180  vi .gitignore
  181  git add .
  182  git status
  183  git reset HEAD .
  184  git status
  185  vi .gitignore
  186  git add .
  187  git status
  188  git reset HEAD .
  189  vi .gitignore
  190  git add .
  191  git status
  192  git reset HEAD .
  193  vi .gitignore
  194  git add .
  195  git status
  196  git reset HEAD .
  197  vi .gitignore
  198  git add .
  199  git status
  200  git reset HEAD .
  201  git add linux_practice2
  202  git status
  203  git add /vagrant/server_lesson/linux_practice2
  204  git status
  205  cd /vagrant/server_lesson
  206  git status
  207  git commit-m 'documents、trashフォルダ作成、gizumo01~50.mdファイル作成'
  208  git commit -m 'documents、trashフォルダ作成、gizumo01~50.mdファイル作成'
  209  git push origin master
  210  history 3
  211  history sudo yum update
  212  sudo yum update
  213  vi .gitignore
  214  cd /vagrant/server_lesson/linux_practice2
  215  vi .gitignore
  216  git add .gitignore
  217  git status
  218  git commit -m 'ファイル指定を正規表現に変更'
  219  git log
  220  git push origin master
  221  exit
  222  sudo yum -y install httpd
  223  httpd -v
  224  sudo vi /etc/httpd/conf/httpd.conf
  225  cd /vagrant/server_lesson/linux_practice2
  226  history 300 > exec_command.log
